<?xml version="1.0" encoding="UTF-8"?>
<testsuite xmlns:xsi="http://www.w3.org/2001/XMLSchema-instance" xsi:noNamespaceSchemaLocation="https://maven.apache.org/surefire/maven-surefire-plugin/xsd/surefire-test-report-3.0.xsd" version="3.0" name="Test.CategoryManagementPanelTest" time="1.52" tests="4" errors="0" skipped="0" failures="0">
  <properties>
    <property name="java.specification.version" value="19"/>
    <property name="sun.cpu.isalist" value="amd64"/>
    <property name="sun.jnu.encoding" value="Cp1252"/>
    <property name="sun.awt.enableExtraMouseButtons" value="true"/>
    <property name="java.class.path" value="C:\Users\Omer Habib\IdeaProjects\PharmacyPOS\target\test-classes;C:\Users\Omer Habib\IdeaProjects\PharmacyPOS\target\classes;C:\Users\Omer Habib\.m2\repository\org\junit\jupiter\junit-jupiter-engine\5.9.2\junit-jupiter-engine-5.9.2.jar;C:\Users\Omer Habib\.m2\repository\org\junit\platform\junit-platform-engine\1.9.2\junit-platform-engine-1.9.2.jar;C:\Users\Omer Habib\.m2\repository\org\apiguardian\apiguardian-api\1.1.2\apiguardian-api-1.1.2.jar;C:\Users\Omer Habib\.m2\repository\org\mockito\mockito-core\4.0.0\mockito-core-4.0.0.jar;C:\Users\Omer Habib\.m2\repository\net\bytebuddy\byte-buddy\1.11.19\byte-buddy-1.11.19.jar;C:\Users\Omer Habib\.m2\repository\net\bytebuddy\byte-buddy-agent\1.11.19\byte-buddy-agent-1.11.19.jar;C:\Users\Omer Habib\.m2\repository\org\objenesis\objenesis\3.2\objenesis-3.2.jar;C:\Users\Omer Habib\.m2\repository\junit\junit\4.13.1\junit-4.13.1.jar;C:\Users\Omer Habib\.m2\repository\org\hamcrest\hamcrest-core\1.3\hamcrest-core-1.3.jar;C:\Users\Omer Habib\.m2\repository\org\junit\jupiter\junit-jupiter-api\5.9.2\junit-jupiter-api-5.9.2.jar;C:\Users\Omer Habib\.m2\repository\org\opentest4j\opentest4j\1.2.0\opentest4j-1.2.0.jar;C:\Users\Omer Habib\.m2\repository\org\junit\platform\junit-platform-commons\1.9.2\junit-platform-commons-1.9.2.jar;C:\Users\Omer Habib\.m2\repository\mysql\mysql-connector-java\8.0.28\mysql-connector-java-8.0.28.jar;C:\Users\Omer Habib\.m2\repository\com\google\protobuf\protobuf-java\3.11.4\protobuf-java-3.11.4.jar;C:\Users\Omer Habib\.m2\repository\org\jfree\jfreechart\1.5.3\jfreechart-1.5.3.jar;"/>
    <property name="java.vm.vendor" value="Oracle Corporation"/>
    <property name="sun.arch.data.model" value="64"/>
    <property name="user.variant" value=""/>
    <property name="java.vendor.url" value="https://java.oracle.com/"/>
    <property name="user.timezone" value="Asia/Karachi"/>
    <property name="os.name" value="Windows 10"/>
    <property name="java.vm.specification.version" value="19"/>
    <property name="sun.java.launcher" value="SUN_STANDARD"/>
    <property name="user.country" value="US"/>
    <property name="sun.boot.library.path" value="C:\Program Files\Java\jdk-19\bin"/>
    <property name="sun.java.command" value="C:\Users\Omer Habib\AppData\Local\Temp\surefire16585804476441872786\surefirebooter-20231126224951317_3.jar C:\Users\Omer Habib\AppData\Local\Temp\surefire16585804476441872786 2023-11-26T22-49-50_966-jvmRun1 surefire-20231126224951317_1tmp surefire_0-20231126224951317_2tmp"/>
    <property name="jdk.debug" value="release"/>
    <property name="surefire.test.class.path" value="C:\Users\Omer Habib\IdeaProjects\PharmacyPOS\target\test-classes;C:\Users\Omer Habib\IdeaProjects\PharmacyPOS\target\classes;C:\Users\Omer Habib\.m2\repository\org\junit\jupiter\junit-jupiter-engine\5.9.2\junit-jupiter-engine-5.9.2.jar;C:\Users\Omer Habib\.m2\repository\org\junit\platform\junit-platform-engine\1.9.2\junit-platform-engine-1.9.2.jar;C:\Users\Omer Habib\.m2\repository\org\apiguardian\apiguardian-api\1.1.2\apiguardian-api-1.1.2.jar;C:\Users\Omer Habib\.m2\repository\org\mockito\mockito-core\4.0.0\mockito-core-4.0.0.jar;C:\Users\Omer Habib\.m2\repository\net\bytebuddy\byte-buddy\1.11.19\byte-buddy-1.11.19.jar;C:\Users\Omer Habib\.m2\repository\net\bytebuddy\byte-buddy-agent\1.11.19\byte-buddy-agent-1.11.19.jar;C:\Users\Omer Habib\.m2\repository\org\objenesis\objenesis\3.2\objenesis-3.2.jar;C:\Users\Omer Habib\.m2\repository\junit\junit\4.13.1\junit-4.13.1.jar;C:\Users\Omer Habib\.m2\repository\org\hamcrest\hamcrest-core\1.3\hamcrest-core-1.3.jar;C:\Users\Omer Habib\.m2\repository\org\junit\jupiter\junit-jupiter-api\5.9.2\junit-jupiter-api-5.9.2.jar;C:\Users\Omer Habib\.m2\repository\org\opentest4j\opentest4j\1.2.0\opentest4j-1.2.0.jar;C:\Users\Omer Habib\.m2\repository\org\junit\platform\junit-platform-commons\1.9.2\junit-platform-commons-1.9.2.jar;C:\Users\Omer Habib\.m2\repository\mysql\mysql-connector-java\8.0.28\mysql-connector-java-8.0.28.jar;C:\Users\Omer Habib\.m2\repository\com\google\protobuf\protobuf-java\3.11.4\protobuf-java-3.11.4.jar;C:\Users\Omer Habib\.m2\repository\org\jfree\jfreechart\1.5.3\jfreechart-1.5.3.jar;"/>
    <property name="sun.cpu.endian" value="little"/>
    <property name="user.home" value="C:\Users\Omer Habib"/>
    <property name="user.language" value="en"/>
    <property name="java.specification.vendor" value="Oracle Corporation"/>
    <property name="java.version.date" value="2023-01-17"/>
    <property name="java.home" value="C:\Program Files\Java\jdk-19"/>
    <property name="file.separator" value="\"/>
    <property name="basedir" value="C:\Users\Omer Habib\IdeaProjects\PharmacyPOS"/>
    <property name="java.vm.compressedOopsMode" value="Zero based"/>
    <property name="line.separator" value="&#10;"/>
    <property name="java.vm.specification.vendor" value="Oracle Corporation"/>
    <property name="java.specification.name" value="Java Platform API Specification"/>
    <property name="surefire.real.class.path" value="C:\Users\Omer Habib\AppData\Local\Temp\surefire16585804476441872786\surefirebooter-20231126224951317_3.jar"/>
    <property name="user.script" value=""/>
    <property name="sun.management.compiler" value="HotSpot 64-Bit Tiered Compilers"/>
    <property name="java.runtime.version" value="19.0.2+7-44"/>
    <property name="user.name" value="Omer Habib"/>
    <property name="stdout.encoding" value="Cp1252"/>
    <property name="path.separator" value=";"/>
    <property name="os.version" value="10.0"/>
    <property name="java.runtime.name" value="Java(TM) SE Runtime Environment"/>
    <property name="file.encoding" value="UTF-8"/>
    <property name="java.vm.name" value="Java HotSpot(TM) 64-Bit Server VM"/>
    <property name="localRepository" value="C:\Users\Omer Habib\.m2\repository"/>
    <property name="java.vendor.url.bug" value="https://bugreport.java.com/bugreport/"/>
    <property name="java.io.tmpdir" value="C:\Users\OMERHA~1\AppData\Local\Temp\"/>
    <property name="idea.version" value="2023.2.4"/>
    <property name="java.version" value="19.0.2"/>
    <property name="user.dir" value="C:\Users\Omer Habib\IdeaProjects\PharmacyPOS"/>
    <property name="os.arch" value="amd64"/>
    <property name="java.vm.specification.name" value="Java Virtual Machine Specification"/>
    <property name="sun.os.patch.level" value=""/>
    <property name="native.encoding" value="Cp1252"/>
    <property name="java.library.path" value="C:\Program Files\Java\jdk-19\bin;C:\Windows\Sun\Java\bin;C:\Windows\system32;C:\Windows;C:\Program Files\Common Files\Oracle\Java\javapath;C:\Program Files (x86)\Common Files\Oracle\Java\javapath;C:\Windows\system32;C:\Windows;C:\Windows\System32\Wbem;C:\Windows\System32\WindowsPowerShell\v1.0\;C:\Windows\System32\OpenSSH\;C:\Program Files\dotnet\;C:\Program Files\Microsoft SQL Server\150\Tools\Binn\;C:\Program Files\Microsoft SQL Server\Client SDK\ODBC\170\Tools\Binn\;C:\Program Files (x86)\Microsoft SQL Server\150\Tools\Binn\;C:\Program Files\Microsoft SQL Server\150\DTS\Binn\;C:\Program Files (x86)\Microsoft SQL Server\150\DTS\Binn\;C:\xampp\mysql\bin;C:\Program Files\Java\jre1.8.0_361\bin;C:\Users\Omer Habib\AppData\Local\Programs\Python\Python310;C:\Program Files\nodejs\;C:\ProgramData\chocolatey\bin;C:\Users\Omer Habib\anaconda3\Scripts;C:\Users\Omer Habib\AppData\Local\Programs\Python\Python311;C:\Program Files\Git\cmd;C:\Program Files\Git\mingw64\bin;C:\Program Files\Git\usr\bin;C:\Program Files\Microsoft Visual Studio\2022\Professional\VC\Redist\MSVC\14.36.32532\x64;C:\Program Files\Google\Chrome Beta\Application\chrome.exe;C:\Program Files\Tesseract-OCR;C:\Program Files\MySQL\MySQL Server 8.0\bin;C:\Program Files\Java\jdk-19\bin;C:\Program Files\MySQL\MySQL Shell 8.0\bin\;C:\Users\Omer Habib\AppData\Local\Programs\Python\Python311\Scripts\;C:\Users\Omer Habib\AppData\Local\Programs\Python\Python311\;C:\Users\Omer Habib\AppData\Local\Microsoft\WindowsApps;C:\Users\Omer Habib\AppData\Local\GitHubDesktop\bin;C:\Users\Omer Habib\AppData\Local\Programs\Microsoft VS Code\bin;C:\Users\Omer Habib\.dotnet\tools;C:\Program Files\Azure Data Studio\bin;C:\Users\Omer Habib\AppData\Local\Programs\Python\Python310;C:\Users\Omer Habib\AppData\Local\Programs\Python\Python310\Scripts;;C:\Program Files\JetBrains\IntelliJ IDEA Community Edition 2023.1\bin;;C:\Program Files\JetBrains\IntelliJ IDEA 2023.1.1\bin;;C:\Users\Omer Habib\AppData\Roaming\npm;C:\Users\Omer Habib\AppData\Local\spicetify;C:\Program Files\JetBrains\PyCharm 2023.2.1\bin;;."/>
    <property name="java.vm.info" value="mixed mode, sharing"/>
    <property name="stderr.encoding" value="Cp1252"/>
    <property name="java.vendor" value="Oracle Corporation"/>
    <property name="java.vm.version" value="19.0.2+7-44"/>
    <property name="sun.io.unicode.encoding" value="UnicodeLittle"/>
    <property name="java.class.version" value="63.0"/>
  </properties>
  <testcase name="testAddCategory" classname="Test.CategoryManagementPanelTest" time="1.387"/>
  <testcase name="testUpdateCategory" classname="Test.CategoryManagementPanelTest" time="0.012"/>
  <testcase name="testDeleteCategory" classname="Test.CategoryManagementPanelTest" time="0.02"/>
  <testcase name="testLoadCategories" classname="Test.CategoryManagementPanelTest" time="0.014"/>
</testsuite>